-----------------------------------------------------------
Server listening on 6003
-----------------------------------------------------------
Accepted connection from 20.1.1.3, port 43214
[  5] local 20.1.1.2 port 6003 connected to 20.1.1.3 port 43216
[ ID] Interval           Transfer     Bandwidth
[  5]   0.00-1.00   sec   109 MBytes   911 Mbits/sec                  
[  5]   1.00-2.00   sec   120 MBytes  1.01 Gbits/sec                  
[  5]   2.00-3.00   sec   119 MBytes  1.00 Gbits/sec                  
[  5]   3.00-4.00   sec   119 MBytes   998 Mbits/sec                  
[  5]   4.00-5.00   sec   119 MBytes  1.00 Gbits/sec                  
[  5]   5.00-6.00   sec   119 MBytes  1.00 Gbits/sec                  
[  5]   6.00-7.00   sec   119 MBytes   999 Mbits/sec                  
[  5]   7.00-8.00   sec   120 MBytes  1.00 Gbits/sec                  
[  5]   8.00-9.00   sec   119 MBytes   995 Mbits/sec                  
[  5]   9.00-10.00  sec   122 MBytes  1.03 Gbits/sec                  
[  5]  10.00-11.00  sec   119 MBytes   998 Mbits/sec                  
[  5]  11.00-12.00  sec   120 MBytes  1.01 Gbits/sec                  
[  5]  12.00-13.00  sec   116 MBytes   976 Mbits/sec                  
[  5]  13.00-14.00  sec   121 MBytes  1.01 Gbits/sec                  
[  5]  14.00-15.00  sec   120 MBytes  1.00 Gbits/sec                  
[  5]  15.00-16.00  sec   119 MBytes   996 Mbits/sec                  
[  5]  16.00-17.00  sec   120 MBytes  1.01 Gbits/sec                  
[  5]  17.00-18.00  sec   115 MBytes   962 Mbits/sec                  
[  5]  18.00-19.00  sec   120 MBytes  1.00 Gbits/sec                  
[  5]  19.00-20.00  sec   118 MBytes   986 Mbits/sec                  
[  5]  20.00-21.00  sec   121 MBytes  1.01 Gbits/sec                  
[  5]  21.00-22.00  sec   118 MBytes   988 Mbits/sec                  
[  5]  22.00-23.00  sec   126 MBytes  1.06 Gbits/sec                  
[  5]  23.00-24.00  sec   116 MBytes   970 Mbits/sec                  
[  5]  24.00-25.00  sec   121 MBytes  1.01 Gbits/sec                  
[  5]  25.00-26.00  sec   117 MBytes   982 Mbits/sec                  
[  5]  26.00-27.00  sec   115 MBytes   961 Mbits/sec                  
[  5]  27.00-28.00  sec   121 MBytes  1.01 Gbits/sec                  
[  5]  28.00-29.00  sec   119 MBytes   999 Mbits/sec                  
[  5]  29.00-30.00  sec   120 MBytes  1.01 Gbits/sec                  
[  5]  30.00-31.00  sec   121 MBytes  1.01 Gbits/sec                  
[  5]  31.00-32.00  sec   118 MBytes   992 Mbits/sec                  
[  5]  32.00-33.00  sec   107 MBytes   894 Mbits/sec                  
[  5]  33.00-34.00  sec   103 MBytes   865 Mbits/sec                  
[  5]  34.00-35.00  sec   104 MBytes   875 Mbits/sec                  
[  5]  35.00-36.00  sec   104 MBytes   869 Mbits/sec                  
[  5]  36.00-37.00  sec   105 MBytes   877 Mbits/sec                  
[  5]  37.00-38.00  sec   103 MBytes   867 Mbits/sec                  
[  5]  38.00-39.00  sec   103 MBytes   867 Mbits/sec                  
[  5]  39.00-40.00  sec   102 MBytes   860 Mbits/sec                  
[  5]  40.00-40.06  sec  6.00 MBytes   856 Mbits/sec                  
- - - - - - - - - - - - - - - - - - - - - - - - -
[ ID] Interval           Transfer     Bandwidth
[  5]   0.00-40.06  sec  0.00 Bytes  0.00 bits/sec                  sender
[  5]   0.00-40.06  sec  4.53 GBytes   972 Mbits/sec                  receiver
