-----------------------------------------------------------
Server listening on 6005
-----------------------------------------------------------
Accepted connection from 20.1.1.3, port 54823
[  5] local 20.1.1.2 port 6005 connected to 20.1.1.3 port 54825
[ ID] Interval           Transfer     Bandwidth
[  5]   0.00-1.00   sec   112 MBytes   941 Mbits/sec                  
[  5]   1.00-2.00   sec   121 MBytes  1.01 Gbits/sec                  
[  5]   2.00-3.00   sec   114 MBytes   954 Mbits/sec                  
[  5]   3.00-4.00   sec   117 MBytes   983 Mbits/sec                  
[  5]   4.00-5.00   sec   122 MBytes  1.02 Gbits/sec                  
[  5]   5.00-6.00   sec   123 MBytes  1.03 Gbits/sec                  
[  5]   6.00-7.00   sec   115 MBytes   968 Mbits/sec                  
[  5]   7.00-8.00   sec   122 MBytes  1.03 Gbits/sec                  
[  5]   8.00-9.00   sec   115 MBytes   967 Mbits/sec                  
[  5]   9.00-10.00  sec   118 MBytes   994 Mbits/sec                  
[  5]  10.00-11.00  sec   125 MBytes  1.05 Gbits/sec                  
[  5]  11.00-12.00  sec   120 MBytes  1.01 Gbits/sec                  
[  5]  12.00-13.00  sec   116 MBytes   969 Mbits/sec                  
[  5]  13.00-14.00  sec   118 MBytes   988 Mbits/sec                  
[  5]  14.00-15.00  sec   121 MBytes  1.01 Gbits/sec                  
[  5]  15.00-16.00  sec   121 MBytes  1.01 Gbits/sec                  
[  5]  16.00-17.00  sec   116 MBytes   975 Mbits/sec                  
[  5]  17.00-18.00  sec   123 MBytes  1.03 Gbits/sec                  
[  5]  18.00-19.00  sec   121 MBytes  1.02 Gbits/sec                  
[  5]  19.00-20.00  sec   114 MBytes   959 Mbits/sec                  
[  5]  20.00-21.00  sec   119 MBytes  1.00 Gbits/sec                  
[  5]  21.00-22.00  sec  95.2 MBytes   799 Mbits/sec                  
[  5]  22.00-23.00  sec  92.0 MBytes   772 Mbits/sec                  
[  5]  23.00-24.00  sec  89.7 MBytes   753 Mbits/sec                  
[  5]  24.00-25.00  sec  90.7 MBytes   761 Mbits/sec                  
[  5]  25.00-26.00  sec  91.0 MBytes   763 Mbits/sec                  
[  5]  26.00-27.00  sec  91.3 MBytes   766 Mbits/sec                  
[  5]  27.00-28.00  sec  90.3 MBytes   757 Mbits/sec                  
[  5]  28.00-29.00  sec  89.7 MBytes   753 Mbits/sec                  
[  5]  29.00-30.00  sec  91.8 MBytes   770 Mbits/sec                  
[  5]  30.00-30.05  sec  5.26 MBytes   943 Mbits/sec                  
- - - - - - - - - - - - - - - - - - - - - - - - -
[ ID] Interval           Transfer     Bandwidth
[  5]   0.00-30.05  sec  0.00 Bytes  0.00 bits/sec                  sender
[  5]   0.00-30.05  sec  3.24 GBytes   927 Mbits/sec                  receiver
