-----------------------------------------------------------
Server listening on 6006
-----------------------------------------------------------
Accepted connection from 20.1.1.3, port 43468
[  5] local 20.1.1.2 port 6006 connected to 20.1.1.3 port 43471
[ ID] Interval           Transfer     Bandwidth
[  5]   0.00-1.00   sec   107 MBytes   895 Mbits/sec                  
[  5]   1.00-2.00   sec   121 MBytes  1.01 Gbits/sec                  
[  5]   2.00-3.00   sec   118 MBytes   991 Mbits/sec                  
[  5]   3.00-4.00   sec   124 MBytes  1.04 Gbits/sec                  
[  5]   4.00-5.00   sec   116 MBytes   974 Mbits/sec                  
[  5]   5.00-6.00   sec   123 MBytes  1.03 Gbits/sec                  
[  5]   6.00-7.00   sec   115 MBytes   961 Mbits/sec                  
[  5]   7.00-8.00   sec   125 MBytes  1.05 Gbits/sec                  
[  5]   8.00-9.00   sec   113 MBytes   947 Mbits/sec                  
[  5]   9.00-10.00  sec   120 MBytes  1.01 Gbits/sec                  
[  5]  10.00-11.00  sec   114 MBytes   957 Mbits/sec                  
[  5]  11.00-12.00  sec   118 MBytes   994 Mbits/sec                  
[  5]  12.00-13.00  sec   106 MBytes   889 Mbits/sec                  
[  5]  13.00-14.00  sec   103 MBytes   864 Mbits/sec                  
[  5]  14.00-15.00  sec   104 MBytes   871 Mbits/sec                  
[  5]  15.00-16.00  sec   104 MBytes   871 Mbits/sec                  
[  5]  16.00-17.00  sec   104 MBytes   874 Mbits/sec                  
[  5]  17.00-18.00  sec   103 MBytes   865 Mbits/sec                  
[  5]  18.00-19.00  sec   103 MBytes   863 Mbits/sec                  
[  5]  19.00-20.00  sec   103 MBytes   861 Mbits/sec                  
[  5]  20.00-20.05  sec  6.49 MBytes   995 Mbits/sec                  
- - - - - - - - - - - - - - - - - - - - - - - - -
[ ID] Interval           Transfer     Bandwidth
[  5]   0.00-20.05  sec  0.00 Bytes  0.00 bits/sec                  sender
[  5]   0.00-20.05  sec  2.20 GBytes   941 Mbits/sec                  receiver
