-----------------------------------------------------------
Server listening on 6007
-----------------------------------------------------------
Accepted connection from 20.1.1.3, port 60903
[  5] local 20.1.1.2 port 6007 connected to 20.1.1.3 port 60904
[ ID] Interval           Transfer     Bandwidth
[  5]   0.00-1.00   sec   103 MBytes   861 Mbits/sec                  
[  5]   1.00-2.00   sec  94.2 MBytes   790 Mbits/sec                  
[  5]   2.00-3.00   sec   148 MBytes  1.24 Gbits/sec                  
[  5]   3.00-4.00   sec   121 MBytes  1.02 Gbits/sec                  
[  5]   4.00-5.00   sec   116 MBytes   969 Mbits/sec                  
[  5]   5.00-6.00   sec   108 MBytes   907 Mbits/sec                  
[  5]   6.00-7.00   sec   131 MBytes  1.10 Gbits/sec                  
[  5]   7.00-8.00   sec   113 MBytes   948 Mbits/sec                  
[  5]   8.00-9.00   sec   119 MBytes   999 Mbits/sec                  
[  5]   9.00-10.00  sec   117 MBytes   979 Mbits/sec                  
[  5]  10.00-11.00  sec  62.5 MBytes   524 Mbits/sec                  
[  5]  11.00-12.00  sec  30.5 MBytes   255 Mbits/sec                  
[  5]  12.00-13.00  sec  28.7 MBytes   241 Mbits/sec                  
[  5]  13.00-14.00  sec  30.1 MBytes   252 Mbits/sec                  
[  5]  14.00-15.00  sec  33.0 MBytes   276 Mbits/sec                  
[  5]  15.00-16.00  sec  37.1 MBytes   311 Mbits/sec                  
[  5]  16.00-17.00  sec  42.3 MBytes   355 Mbits/sec                  
[  5]  17.00-18.00  sec  47.9 MBytes   402 Mbits/sec                  
[  5]  18.00-19.00  sec  50.8 MBytes   426 Mbits/sec                  
[  5]  19.00-20.00  sec  51.3 MBytes   431 Mbits/sec                  
[  5]  20.00-20.05  sec  3.38 MBytes   518 Mbits/sec                  
- - - - - - - - - - - - - - - - - - - - - - - - -
[ ID] Interval           Transfer     Bandwidth
[  5]   0.00-20.05  sec  0.00 Bytes  0.00 bits/sec                  sender
[  5]   0.00-20.05  sec  1.55 GBytes   664 Mbits/sec                  receiver
