-----------------------------------------------------------
Server listening on 6008
-----------------------------------------------------------
Accepted connection from 20.1.1.3, port 55164
[  5] local 20.1.1.2 port 6008 connected to 20.1.1.3 port 55166
[ ID] Interval           Transfer     Bandwidth
[  5]   0.00-1.00   sec  35.8 MBytes   300 Mbits/sec                  
[  5]   1.00-2.00   sec  82.8 MBytes   694 Mbits/sec                  
[  5]   2.00-3.00   sec   106 MBytes   887 Mbits/sec                  
[  5]   3.00-4.00   sec   104 MBytes   869 Mbits/sec                  
[  5]   4.00-5.00   sec   104 MBytes   871 Mbits/sec                  
[  5]   5.00-6.00   sec   104 MBytes   873 Mbits/sec                  
[  5]   6.00-7.00   sec   104 MBytes   873 Mbits/sec                  
[  5]   7.00-8.00   sec   104 MBytes   868 Mbits/sec                  
[  5]   8.00-9.00   sec   103 MBytes   865 Mbits/sec                  
[  5]   9.00-10.00  sec   103 MBytes   862 Mbits/sec                  
[  5]  10.00-10.05  sec  11.1 MBytes  2.01 Gbits/sec                  
- - - - - - - - - - - - - - - - - - - - - - - - -
[ ID] Interval           Transfer     Bandwidth
[  5]   0.00-10.05  sec  0.00 Bytes  0.00 bits/sec                  sender
[  5]   0.00-10.05  sec   961 MBytes   802 Mbits/sec                  receiver
